Analysis initiated from SIMULIA established products
Abaqus JOB 110
Abaqus 3DEXPERIENCE R2018x
Abaqus License Manager checked out the following licenses:
Abaqus/Standard checked out 5 tokens from Flexnet server 10.24.12.48.
<60 out of 65 licenses remain available>.
Begin Analysis Input File Processor
11/23/2024 6:19:40 PM
Run pre.exe
11/23/2024 6:19:46 PM
End Analysis Input File Processor
Begin Abaqus/Standard Analysis
11/23/2024 6:19:46 PM
Run standard.exe
11/23/2024 6:20:01 PM
End Abaqus/Standard Analysis
Begin Convert MFS to SFS
11/23/2024 6:20:02 PM
Run SMASimUtility.exe
11/23/2024 6:20:03 PM
End Convert MFS to SFS
Abaqus JOB 110 COMPLETED
