Analysis initiated from SIMULIA established products
Abaqus JOB 130S
Abaqus 3DEXPERIENCE R2018x
Abaqus License Manager checked out the following licenses:
Abaqus/Standard checked out 5 tokens from Flexnet server 10.24.12.48.
<45 out of 65 licenses remain available>.
Begin Analysis Input File Processor
11/22/2024 11:43:06 PM
Run pre.exe
11/22/2024 11:43:13 PM
End Analysis Input File Processor
Begin Abaqus/Standard Analysis
11/22/2024 11:43:13 PM
Run standard.exe
11/22/2024 11:43:36 PM
End Abaqus/Standard Analysis
Begin Convert MFS to SFS
11/22/2024 11:43:36 PM
Run SMASimUtility.exe
11/22/2024 11:43:37 PM
End Convert MFS to SFS
Abaqus JOB 130S COMPLETED
