Analysis initiated from SIMULIA established products
Abaqus JOB 17deg
Abaqus 3DEXPERIENCE R2018x
Abaqus License Manager checked out the following licenses:
Abaqus/Standard checked out 5 tokens from Flexnet server 10.24.12.48.
<55 out of 65 licenses remain available>.
Begin Analysis Input File Processor
11/20/2024 7:11:28 PM
Run pre.exe
11/20/2024 7:11:40 PM
End Analysis Input File Processor
Begin Abaqus/Standard Analysis
11/20/2024 7:11:40 PM
Run standard.exe
11/20/2024 7:13:05 PM
End Abaqus/Standard Analysis
Begin Convert MFS to SFS
11/20/2024 7:13:07 PM
Run SMASimUtility.exe
11/20/2024 7:13:07 PM
End Convert MFS to SFS
Abaqus JOB 17deg COMPLETED
