Analysis initiated from SIMULIA established products
Abaqus JOB 21deg
Abaqus 3DEXPERIENCE R2018x
Abaqus License Manager checked out the following licenses:
Abaqus/Standard checked out 5 tokens from Flexnet server 10.24.12.48.
<50 out of 65 licenses remain available>.
Begin Analysis Input File Processor
11/20/2024 6:32:30 PM
Run pre.exe
11/20/2024 6:32:42 PM
End Analysis Input File Processor
Begin Abaqus/Standard Analysis
11/20/2024 6:32:42 PM
Run standard.exe
11/20/2024 6:34:04 PM
End Abaqus/Standard Analysis
Begin Convert MFS to SFS
11/20/2024 6:34:05 PM
Run SMASimUtility.exe
11/20/2024 6:34:05 PM
End Convert MFS to SFS
Abaqus JOB 21deg COMPLETED
