Analysis initiated from SIMULIA established products
Abaqus JOB 220S
Abaqus 3DEXPERIENCE R2018x
Abaqus License Manager checked out the following licenses:
Abaqus/Standard checked out 5 tokens from Flexnet server 10.24.12.48.
<60 out of 65 licenses remain available>.
Begin Analysis Input File Processor
11/23/2024 9:46:02 PM
Run pre.exe
11/23/2024 9:46:11 PM
End Analysis Input File Processor
Begin Abaqus/Standard Analysis
11/23/2024 9:46:11 PM
Run standard.exe
11/23/2024 9:46:48 PM
End Abaqus/Standard Analysis
Begin Convert MFS to SFS
11/23/2024 9:46:49 PM
Run SMASimUtility.exe
11/23/2024 9:46:49 PM
End Convert MFS to SFS
Abaqus JOB 220S COMPLETED
