Analysis initiated from SIMULIA established products
Abaqus JOB 250standard
Abaqus 3DEXPERIENCE R2018x
Abaqus License Manager checked out the following licenses:
Abaqus/Standard checked out 5 tokens from Flexnet server 10.24.12.48.
<50 out of 65 licenses remain available>.
Begin Analysis Input File Processor
11/22/2024 7:43:24 PM
Run pre.exe
11/22/2024 7:43:32 PM
End Analysis Input File Processor
Begin Abaqus/Standard Analysis
11/22/2024 7:43:32 PM
Run standard.exe
11/22/2024 7:44:03 PM
End Abaqus/Standard Analysis
Begin Convert MFS to SFS
11/22/2024 7:44:05 PM
Run SMASimUtility.exe
11/22/2024 7:44:05 PM
End Convert MFS to SFS
Abaqus JOB 250standard COMPLETED
