Analysis initiated from SIMULIA established products
Abaqus JOB 27deg
Abaqus 3DEXPERIENCE R2018x
Abaqus License Manager checked out the following licenses:
Abaqus/Standard checked out 5 tokens from Flexnet server 10.24.12.48.
<50 out of 65 licenses remain available>.
Begin Analysis Input File Processor
11/20/2024 3:42:51 PM
Run pre.exe
11/20/2024 3:43:01 PM
End Analysis Input File Processor
Begin Abaqus/Standard Analysis
11/20/2024 3:43:01 PM
Run standard.exe
11/20/2024 3:44:07 PM
End Abaqus/Standard Analysis
Begin Convert MFS to SFS
11/20/2024 3:44:07 PM
Run SMASimUtility.exe
11/20/2024 3:44:07 PM
End Convert MFS to SFS
Abaqus JOB 27deg COMPLETED
