Analysis initiated from SIMULIA established products
Abaqus JOB 28deg
Abaqus 3DEXPERIENCE R2018x
Abaqus License Manager checked out the following licenses:
Abaqus/Standard checked out 5 tokens from Flexnet server 10.24.12.48.
<55 out of 65 licenses remain available>.
Begin Analysis Input File Processor
11/20/2024 3:35:13 PM
Run pre.exe
11/20/2024 3:35:24 PM
End Analysis Input File Processor
Begin Abaqus/Standard Analysis
11/20/2024 3:35:24 PM
Run standard.exe
11/20/2024 3:36:24 PM
End Abaqus/Standard Analysis
Begin Convert MFS to SFS
11/20/2024 3:36:25 PM
Run SMASimUtility.exe
11/20/2024 3:36:25 PM
End Convert MFS to SFS
Abaqus JOB 28deg COMPLETED
