Analysis initiated from SIMULIA established products
Abaqus JOB 30DEG
Abaqus 3DEXPERIENCE R2018x
Abaqus License Manager checked out the following licenses:
Abaqus/Standard checked out 5 tokens from Flexnet server 10.24.12.48.
<55 out of 65 licenses remain available>.
Begin Analysis Input File Processor
11/25/2024 11:58:33 AM
Run pre.exe
11/25/2024 11:58:44 AM
End Analysis Input File Processor
Begin Abaqus/Standard Analysis
11/25/2024 11:58:44 AM
Run standard.exe
11/25/2024 11:59:49 AM
End Abaqus/Standard Analysis
Begin Convert MFS to SFS
11/25/2024 11:59:50 AM
Run SMASimUtility.exe
11/25/2024 11:59:50 AM
End Convert MFS to SFS
Abaqus JOB 30DEG COMPLETED
