Analysis initiated from SIMULIA established products
Abaqus JOB 40S
Abaqus 3DEXPERIENCE R2018x
Abaqus License Manager checked out the following licenses:
Abaqus/Standard checked out 5 tokens from Flexnet server 10.24.12.48.
<60 out of 65 licenses remain available>.
Begin Analysis Input File Processor
11/23/2024 8:27:34 PM
Run pre.exe
11/23/2024 8:27:41 PM
End Analysis Input File Processor
Begin Abaqus/Standard Analysis
11/23/2024 8:27:41 PM
Run standard.exe
11/23/2024 8:28:14 PM
End Abaqus/Standard Analysis
Begin Convert MFS to SFS
11/23/2024 8:28:24 PM
Run SMASimUtility.exe
11/23/2024 8:28:25 PM
End Convert MFS to SFS
Abaqus JOB 40S COMPLETED
