Analysis initiated from SIMULIA established products
Abaqus JOB Job-9
Abaqus 3DEXPERIENCE R2018x
Abaqus License Manager checked out the following licenses:
Abaqus/Standard checked out 5 tokens from Flexnet server 10.24.12.48.
<50 out of 65 licenses remain available>.
Begin Analysis Input File Processor
11/18/2024 9:42:03 PM
Run pre.exe
11/18/2024 9:42:10 PM
End Analysis Input File Processor
Begin Abaqus/Standard Analysis
11/18/2024 9:42:10 PM
Run standard.exe
Mon 18 Nov 2024 10:08:15 PM India Standard Time: Warning: HB Failure between the umbrella and license server
         Suspending analysis

Mon 18 Nov 2024 10:08:16 PM India Standard Time: Suspension is now pending
Mon 18 Nov 2024 10:10:34 PM India Standard Time: Connection reestablished with license server
Mon 18 Nov 2024 10:10:34 PM India Standard Time: Resuming analysis
Mon 18 Nov 2024 10:10:36 PM India Standard Time: Job is now resumed.
Mon 18 Nov 2024 10:15:52 PM India Standard Time: Warning: HB Failure between the umbrella and license server
         Suspending analysis

Mon 18 Nov 2024 10:17:06 PM India Standard Time: Connection reestablished with license server
Mon 18 Nov 2024 10:17:06 PM India Standard Time: Resuming analysis
Mon 18 Nov 2024 10:15:52 PM India Standard Time: Suspension is now pending
Mon 18 Nov 2024 10:17:06 PM India Standard Time: Job is now resumed.
11/18/2024 10:31:23 PM
Abaqus Error: Abaqus/Standard Analysis exited with an error - Please see the 
message file for possible error messages if the file exists.
Begin Convert MFS to SFS
11/18/2024 10:31:26 PM
Run SMASimUtility.exe
11/18/2024 10:31:27 PM
End Convert MFS to SFS
Abaqus/Analysis exited with errors
