Analysis initiated from SIMULIA established products
Abaqus JOB Job-10
Abaqus 3DEXPERIENCE R2018x
Abaqus License Manager checked out the following licenses:
Abaqus/Standard checked out 5 tokens from Flexnet server 10.24.12.48.
<55 out of 65 licenses remain available>.
Begin Analysis Input File Processor
11/18/2024 7:49:47 PM
Run pre.exe
11/18/2024 7:49:55 PM
End Analysis Input File Processor
Begin Abaqus/Standard Analysis
11/18/2024 7:49:55 PM
Run standard.exe
11/18/2024 7:51:17 PM
Abaqus Error: Abaqus/Standard Analysis exited with an error - Please see the 
message file for possible error messages if the file exists.
Begin Convert MFS to SFS
11/18/2024 7:51:19 PM
Run SMASimUtility.exe
11/18/2024 7:51:20 PM
End Convert MFS to SFS
Abaqus/Analysis exited with errors
