Analysis initiated from SIMULIA established products
Abaqus JOB Job-3
Abaqus 3DEXPERIENCE R2018x
Abaqus License Manager checked out the following licenses:
Abaqus/Standard checked out 5 tokens from Flexnet server 10.24.12.48.
<55 out of 65 licenses remain available>.
Begin Analysis Input File Processor
11/19/2024 12:09:32 AM
Run pre.exe
11/19/2024 12:09:40 AM
End Analysis Input File Processor
Begin Abaqus/Standard Analysis
11/19/2024 12:09:40 AM
Run standard.exe
11/19/2024 12:09:55 AM
End Abaqus/Standard Analysis
Begin Convert MFS to SFS
11/19/2024 12:09:57 AM
Run SMASimUtility.exe
11/19/2024 12:09:57 AM
End Convert MFS to SFS
Abaqus JOB Job-3 COMPLETED
