Analysis initiated from SIMULIA established products
Abaqus JOB Job-6
Abaqus 3DEXPERIENCE R2018x
Abaqus License Manager checked out the following licenses:
Abaqus/Standard checked out 5 tokens from Flexnet server 10.24.12.48.
<60 out of 65 licenses remain available>.
Begin Analysis Input File Processor
11/18/2024 7:32:35 PM
Run pre.exe
11/18/2024 7:32:47 PM
End Analysis Input File Processor
Begin Abaqus/Standard Datacheck
Begin Abaqus/Standard Analysis
11/18/2024 7:32:48 PM
Run standard.exe
11/18/2024 7:32:57 PM
End Abaqus/Standard Analysis
Begin Convert MFS to SFS
11/18/2024 7:32:59 PM
Run SMASimUtility.exe
11/18/2024 7:33:00 PM
End Convert MFS to SFS
Abaqus JOB Job-6 COMPLETED
