Analysis initiated from SIMULIA established products
Abaqus JOB Job-5
Abaqus 3DEXPERIENCE R2018x
Abaqus License Manager checked out the following licenses:
Abaqus/Standard checked out 5 tokens from Flexnet server 10.24.12.48.
<60 out of 65 licenses remain available>.
Begin Analysis Input File Processor
11/20/2024 11:51:56 AM
Run pre.exe
11/20/2024 11:52:06 AM
End Analysis Input File Processor
Begin Abaqus/Standard Analysis
11/20/2024 11:52:06 AM
Run standard.exe
11/20/2024 11:53:05 AM
End Abaqus/Standard Analysis
Begin Convert MFS to SFS
11/20/2024 11:53:07 AM
Run SMASimUtility.exe
11/20/2024 11:53:07 AM
End Convert MFS to SFS
Abaqus JOB Job-5 COMPLETED
