Analysis initiated from SIMULIA established products
Abaqus JOB Job-4
Abaqus 3DEXPERIENCE R2018x
Abaqus License Manager checked out the following licenses:
Abaqus/Standard checked out 5 tokens from Flexnet server 10.24.12.48.
<60 out of 65 licenses remain available>.
Begin Analysis Input File Processor
10/23/2024 11:24:35 PM
Run pre.exe
10/23/2024 11:24:40 PM
End Analysis Input File Processor
Begin Abaqus/Standard Analysis
10/23/2024 11:24:40 PM
Run standard.exe
10/23/2024 11:24:54 PM
End Abaqus/Standard Analysis
Begin Convert MFS to SFS
10/23/2024 11:24:56 PM
Run SMASimUtility.exe
10/23/2024 11:24:56 PM
End Convert MFS to SFS
Abaqus JOB Job-4 COMPLETED
