Analysis initiated from SIMULIA established products
Abaqus JOB STANDARD
Abaqus 3DEXPERIENCE R2018x
Abaqus License Manager checked out the following licenses:
Abaqus/Standard checked out 5 tokens from Flexnet server 10.24.12.48.
<55 out of 65 licenses remain available>.
Begin Analysis Input File Processor
11/25/2024 11:39:37 AM
Run pre.exe
11/25/2024 11:39:54 AM
End Analysis Input File Processor
Begin Abaqus/Standard Analysis
11/25/2024 11:39:55 AM
Run standard.exe
11/25/2024 11:40:33 AM
End Abaqus/Standard Analysis
Begin Convert MFS to SFS
11/25/2024 11:40:36 AM
Run SMASimUtility.exe
11/25/2024 11:40:36 AM
End Convert MFS to SFS
Abaqus JOB STANDARD COMPLETED
